{"/home/anyakhatri/project/2AOS/tars-client/server.js": {"path":"/home/anyakhatri/project/2AOS/tars-client/server.js","statementMap":{"0":{"start":{"line":1,"column":16},"end":{"line":1,"column":34}},"1":{"start":{"line":2,"column":13},"end":{"line":2,"column":28}},"2":{"start":{"line":3,"column":13},"end":{"line":3,"column":28}},"3":{"start":{"line":4,"column":11},"end":{"line":4,"column":30}},"4":{"start":{"line":5,"column":22},"end":{"line":5,"column":52}},"5":{"start":{"line":7,"column":12},"end":{"line":7,"column":21}},"6":{"start":{"line":8,"column":13},"end":{"line":8,"column":37}},"7":{"start":{"line":11,"column":18},"end":{"line":11,"column":60}},"8":{"start":{"line":14,"column":0},"end":{"line":14,"column":16}},"9":{"start":{"line":15,"column":0},"end":{"line":15,"column":24}},"10":{"start":{"line":18,"column":0},"end":{"line":21,"column":3}},"11":{"start":{"line":19,"column":2},"end":{"line":19,"column":72}},"12":{"start":{"line":20,"column":2},"end":{"line":20,"column":9}},"13":{"start":{"line":25,"column":0},"end":{"line":44,"column":3}},"14":{"start":{"line":26,"column":2},"end":{"line":26,"column":51}},"15":{"start":{"line":27,"column":2},"end":{"line":27,"column":44}},"16":{"start":{"line":28,"column":2},"end":{"line":28,"column":41}},"17":{"start":{"line":29,"column":2},"end":{"line":29,"column":45}},"18":{"start":{"line":31,"column":2},"end":{"line":43,"column":3}},"19":{"start":{"line":32,"column":24},"end":{"line":32,"column":34}},"20":{"start":{"line":33,"column":27},"end":{"line":33,"column":54}},"21":{"start":{"line":34,"column":4},"end":{"line":34,"column":65}},"22":{"start":{"line":35,"column":20},"end":{"line":35,"column":69}},"23":{"start":{"line":36,"column":4},"end":{"line":36,"column":52}},"24":{"start":{"line":37,"column":4},"end":{"line":37,"column":54}},"25":{"start":{"line":38,"column":4},"end":{"line":38,"column":22}},"26":{"start":{"line":40,"column":4},"end":{"line":40,"column":59}},"27":{"start":{"line":41,"column":4},"end":{"line":41,"column":54}},"28":{"start":{"line":42,"column":4},"end":{"line":42,"column":51}},"29":{"start":{"line":46,"column":0},"end":{"line":48,"column":3}},"30":{"start":{"line":47,"column":2},"end":{"line":47,"column":71}},"31":{"start":{"line":51,"column":0},"end":{"line":59,"column":3}},"32":{"start":{"line":52,"column":2},"end":{"line":58,"column":3}},"33":{"start":{"line":53,"column":21},"end":{"line":53,"column":58}},"34":{"start":{"line":54,"column":4},"end":{"line":54,"column":27}},"35":{"start":{"line":56,"column":4},"end":{"line":56,"column":53}},"36":{"start":{"line":57,"column":4},"end":{"line":57,"column":51}},"37":{"start":{"line":62,"column":0},"end":{"line":70,"column":3}},"38":{"start":{"line":63,"column":2},"end":{"line":69,"column":3}},"39":{"start":{"line":64,"column":20},"end":{"line":64,"column":48}},"40":{"start":{"line":65,"column":4},"end":{"line":65,"column":22}},"41":{"start":{"line":67,"column":4},"end":{"line":67,"column":51}},"42":{"start":{"line":68,"column":4},"end":{"line":68,"column":51}},"43":{"start":{"line":73,"column":0},"end":{"line":85,"column":3}},"44":{"start":{"line":74,"column":2},"end":{"line":84,"column":3}},"45":{"start":{"line":75,"column":28},"end":{"line":75,"column":36}},"46":{"start":{"line":76,"column":4},"end":{"line":78,"column":5}},"47":{"start":{"line":77,"column":6},"end":{"line":77,"column":76}},"48":{"start":{"line":79,"column":19},"end":{"line":79,"column":60}},"49":{"start":{"line":80,"column":4},"end":{"line":80,"column":21}},"50":{"start":{"line":82,"column":4},"end":{"line":82,"column":51}},"51":{"start":{"line":83,"column":4},"end":{"line":83,"column":51}},"52":{"start":{"line":88,"column":0},"end":{"line":96,"column":3}},"53":{"start":{"line":89,"column":2},"end":{"line":95,"column":3}},"54":{"start":{"line":90,"column":20},"end":{"line":90,"column":46}},"55":{"start":{"line":91,"column":4},"end":{"line":91,"column":26}},"56":{"start":{"line":93,"column":4},"end":{"line":93,"column":49}},"57":{"start":{"line":94,"column":4},"end":{"line":94,"column":51}},"58":{"start":{"line":99,"column":0},"end":{"line":112,"column":3}},"59":{"start":{"line":100,"column":2},"end":{"line":111,"column":3}},"60":{"start":{"line":101,"column":48},"end":{"line":101,"column":56}},"61":{"start":{"line":102,"column":4},"end":{"line":104,"column":5}},"62":{"start":{"line":103,"column":6},"end":{"line":103,"column":97}},"63":{"start":{"line":105,"column":17},"end":{"line":105,"column":82}},"64":{"start":{"line":107,"column":4},"end":{"line":107,"column":19}},"65":{"start":{"line":109,"column":4},"end":{"line":109,"column":49}},"66":{"start":{"line":110,"column":4},"end":{"line":110,"column":51}},"67":{"start":{"line":115,"column":0},"end":{"line":134,"column":3}},"68":{"start":{"line":116,"column":2},"end":{"line":133,"column":3}},"69":{"start":{"line":117,"column":19},"end":{"line":117,"column":42}},"70":{"start":{"line":118,"column":17},"end":{"line":118,"column":25}},"71":{"start":{"line":119,"column":4},"end":{"line":119,"column":87}},"72":{"start":{"line":120,"column":4},"end":{"line":120,"column":73}},"73":{"start":{"line":121,"column":19},"end":{"line":121,"column":66}},"74":{"start":{"line":122,"column":4},"end":{"line":122,"column":59}},"75":{"start":{"line":123,"column":4},"end":{"line":123,"column":21}},"76":{"start":{"line":125,"column":4},"end":{"line":125,"column":68}},"77":{"start":{"line":126,"column":4},"end":{"line":126,"column":62}},"78":{"start":{"line":127,"column":4},"end":{"line":127,"column":60}},"79":{"start":{"line":129,"column":23},"end":{"line":129,"column":52}},"80":{"start":{"line":130,"column":25},"end":{"line":130,"column":73}},"81":{"start":{"line":131,"column":4},"end":{"line":131,"column":91}},"82":{"start":{"line":132,"column":4},"end":{"line":132,"column":57}},"83":{"start":{"line":137,"column":0},"end":{"line":146,"column":3}},"84":{"start":{"line":138,"column":2},"end":{"line":145,"column":3}},"85":{"start":{"line":139,"column":19},"end":{"line":139,"column":42}},"86":{"start":{"line":140,"column":19},"end":{"line":140,"column":53}},"87":{"start":{"line":141,"column":4},"end":{"line":141,"column":34}},"88":{"start":{"line":143,"column":4},"end":{"line":143,"column":49}},"89":{"start":{"line":144,"column":4},"end":{"line":144,"column":51}},"90":{"start":{"line":149,"column":0},"end":{"line":158,"column":3}},"91":{"start":{"line":150,"column":2},"end":{"line":157,"column":3}},"92":{"start":{"line":151,"column":19},"end":{"line":151,"column":42}},"93":{"start":{"line":152,"column":17},"end":{"line":152,"column":48}},"94":{"start":{"line":153,"column":4},"end":{"line":153,"column":19}},"95":{"start":{"line":155,"column":4},"end":{"line":155,"column":48}},"96":{"start":{"line":156,"column":4},"end":{"line":156,"column":51}},"97":{"start":{"line":161,"column":0},"end":{"line":170,"column":3}},"98":{"start":{"line":162,"column":2},"end":{"line":169,"column":3}},"99":{"start":{"line":163,"column":21},"end":{"line":163,"column":50}},"100":{"start":{"line":164,"column":22},"end":{"line":164,"column":65}},"101":{"start":{"line":165,"column":4},"end":{"line":165,"column":24}},"102":{"start":{"line":167,"column":4},"end":{"line":167,"column":60}},"103":{"start":{"line":168,"column":4},"end":{"line":168,"column":51}},"104":{"start":{"line":173,"column":0},"end":{"line":197,"column":3}},"105":{"start":{"line":174,"column":17},"end":{"line":174,"column":44}},"106":{"start":{"line":175,"column":2},"end":{"line":196,"column":3}},"107":{"start":{"line":176,"column":22},"end":{"line":176,"column":63}},"108":{"start":{"line":178,"column":4},"end":{"line":181,"column":7}},"109":{"start":{"line":183,"column":4},"end":{"line":183,"column":65}},"110":{"start":{"line":185,"column":4},"end":{"line":195,"column":5}},"111":{"start":{"line":186,"column":6},"end":{"line":192,"column":9}},"112":{"start":{"line":194,"column":6},"end":{"line":194,"column":53}},"113":{"start":{"line":200,"column":0},"end":{"line":208,"column":3}},"114":{"start":{"line":201,"column":2},"end":{"line":207,"column":3}},"115":{"start":{"line":202,"column":18},"end":{"line":202,"column":47}},"116":{"start":{"line":203,"column":4},"end":{"line":203,"column":20}},"117":{"start":{"line":205,"column":4},"end":{"line":205,"column":53}},"118":{"start":{"line":206,"column":4},"end":{"line":206,"column":51}},"119":{"start":{"line":211,"column":0},"end":{"line":219,"column":3}},"120":{"start":{"line":212,"column":2},"end":{"line":218,"column":3}},"121":{"start":{"line":213,"column":18},"end":{"line":213,"column":48}},"122":{"start":{"line":214,"column":4},"end":{"line":214,"column":20}},"123":{"start":{"line":216,"column":4},"end":{"line":216,"column":54}},"124":{"start":{"line":217,"column":4},"end":{"line":217,"column":51}},"125":{"start":{"line":223,"column":0},"end":{"line":243,"column":3}},"126":{"start":{"line":224,"column":2},"end":{"line":242,"column":3}},"127":{"start":{"line":225,"column":19},"end":{"line":225,"column":46}},"128":{"start":{"line":226,"column":4},"end":{"line":226,"column":52}},"129":{"start":{"line":229,"column":24},"end":{"line":229,"column":62}},"130":{"start":{"line":230,"column":4},"end":{"line":230,"column":89}},"131":{"start":{"line":232,"column":4},"end":{"line":232,"column":94}},"132":{"start":{"line":234,"column":4},"end":{"line":234,"column":49}},"133":{"start":{"line":237,"column":4},"end":{"line":239,"column":5}},"134":{"start":{"line":238,"column":6},"end":{"line":238,"column":92}},"135":{"start":{"line":241,"column":4},"end":{"line":241,"column":51}},"136":{"start":{"line":246,"column":0},"end":{"line":255,"column":3}},"137":{"start":{"line":247,"column":2},"end":{"line":254,"column":3}},"138":{"start":{"line":248,"column":21},"end":{"line":248,"column":50}},"139":{"start":{"line":249,"column":18},"end":{"line":249,"column":61}},"140":{"start":{"line":250,"column":4},"end":{"line":250,"column":20}},"141":{"start":{"line":252,"column":4},"end":{"line":252,"column":60}},"142":{"start":{"line":253,"column":4},"end":{"line":253,"column":51}},"143":{"start":{"line":258,"column":0},"end":{"line":274,"column":3}},"144":{"start":{"line":259,"column":2},"end":{"line":273,"column":3}},"145":{"start":{"line":260,"column":40},"end":{"line":260,"column":48}},"146":{"start":{"line":261,"column":24},"end":{"line":261,"column":70}},"147":{"start":{"line":262,"column":4},"end":{"line":262,"column":26}},"148":{"start":{"line":264,"column":4},"end":{"line":264,"column":48}},"149":{"start":{"line":265,"column":21},"end":{"line":269,"column":21}},"150":{"start":{"line":271,"column":23},"end":{"line":271,"column":52}},"151":{"start":{"line":272,"column":4},"end":{"line":272,"column":53}},"152":{"start":{"line":277,"column":0},"end":{"line":289,"column":3}},"153":{"start":{"line":278,"column":2},"end":{"line":288,"column":3}},"154":{"start":{"line":279,"column":27},"end":{"line":279,"column":36}},"155":{"start":{"line":280,"column":4},"end":{"line":282,"column":5}},"156":{"start":{"line":281,"column":6},"end":{"line":281,"column":86}},"157":{"start":{"line":283,"column":27},"end":{"line":283,"column":89}},"158":{"start":{"line":284,"column":4},"end":{"line":284,"column":29}},"159":{"start":{"line":286,"column":4},"end":{"line":286,"column":66}},"160":{"start":{"line":287,"column":4},"end":{"line":287,"column":51}},"161":{"start":{"line":292,"column":0},"end":{"line":308,"column":3}},"162":{"start":{"line":293,"column":2},"end":{"line":307,"column":3}},"163":{"start":{"line":294,"column":31},"end":{"line":294,"column":40}},"164":{"start":{"line":296,"column":4},"end":{"line":302,"column":5}},"165":{"start":{"line":297,"column":6},"end":{"line":297,"column":59}},"166":{"start":{"line":298,"column":11},"end":{"line":302,"column":5}},"167":{"start":{"line":299,"column":6},"end":{"line":299,"column":94}},"168":{"start":{"line":301,"column":6},"end":{"line":301,"column":95}},"169":{"start":{"line":303,"column":4},"end":{"line":303,"column":20}},"170":{"start":{"line":305,"column":4},"end":{"line":305,"column":58}},"171":{"start":{"line":306,"column":4},"end":{"line":306,"column":51}},"172":{"start":{"line":311,"column":0},"end":{"line":320,"column":3}},"173":{"start":{"line":312,"column":2},"end":{"line":319,"column":3}},"174":{"start":{"line":313,"column":19},"end":{"line":313,"column":46}},"175":{"start":{"line":314,"column":19},"end":{"line":314,"column":63}},"176":{"start":{"line":315,"column":4},"end":{"line":315,"column":21}},"177":{"start":{"line":317,"column":4},"end":{"line":317,"column":63}},"178":{"start":{"line":318,"column":4},"end":{"line":318,"column":51}},"179":{"start":{"line":323,"column":0},"end":{"line":342,"column":3}},"180":{"start":{"line":324,"column":2},"end":{"line":341,"column":3}},"181":{"start":{"line":325,"column":44},"end":{"line":325,"column":53}},"182":{"start":{"line":326,"column":4},"end":{"line":328,"column":5}},"183":{"start":{"line":327,"column":6},"end":{"line":327,"column":104}},"184":{"start":{"line":330,"column":20},"end":{"line":335,"column":5}},"185":{"start":{"line":336,"column":4},"end":{"line":336,"column":22}},"186":{"start":{"line":338,"column":4},"end":{"line":338,"column":57}},"187":{"start":{"line":339,"column":25},"end":{"line":339,"column":95}},"188":{"start":{"line":340,"column":4},"end":{"line":340,"column":96}},"189":{"start":{"line":345,"column":0},"end":{"line":354,"column":3}},"190":{"start":{"line":346,"column":2},"end":{"line":353,"column":3}},"191":{"start":{"line":347,"column":24},"end":{"line":347,"column":34}},"192":{"start":{"line":348,"column":21},"end":{"line":348,"column":64}},"193":{"start":{"line":349,"column":4},"end":{"line":349,"column":27}},"194":{"start":{"line":351,"column":4},"end":{"line":351,"column":60}},"195":{"start":{"line":352,"column":4},"end":{"line":352,"column":51}},"196":{"start":{"line":357,"column":0},"end":{"line":367,"column":3}},"197":{"start":{"line":358,"column":2},"end":{"line":366,"column":3}},"198":{"start":{"line":359,"column":21},"end":{"line":359,"column":31}},"199":{"start":{"line":360,"column":42},"end":{"line":360,"column":51}},"200":{"start":{"line":361,"column":20},"end":{"line":361,"column":83}},"201":{"start":{"line":362,"column":4},"end":{"line":362,"column":22}},"202":{"start":{"line":364,"column":4},"end":{"line":364,"column":56}},"203":{"start":{"line":365,"column":4},"end":{"line":365,"column":51}},"204":{"start":{"line":371,"column":0},"end":{"line":381,"column":3}},"205":{"start":{"line":372,"column":2},"end":{"line":372,"column":59}},"206":{"start":{"line":374,"column":2},"end":{"line":377,"column":3}},"207":{"start":{"line":375,"column":4},"end":{"line":375,"column":71}},"208":{"start":{"line":376,"column":4},"end":{"line":376,"column":18}},"209":{"start":{"line":378,"column":2},"end":{"line":378,"column":75}},"210":{"start":{"line":380,"column":2},"end":{"line":380,"column":71}},"211":{"start":{"line":385,"column":0},"end":{"line":401,"column":3}},"212":{"start":{"line":386,"column":2},"end":{"line":386,"column":57}},"213":{"start":{"line":388,"column":2},"end":{"line":391,"column":3}},"214":{"start":{"line":389,"column":4},"end":{"line":389,"column":86}},"215":{"start":{"line":390,"column":4},"end":{"line":390,"column":82}},"216":{"start":{"line":393,"column":20},"end":{"line":393,"column":70}},"217":{"start":{"line":394,"column":2},"end":{"line":400,"column":3}},"218":{"start":{"line":395,"column":4},"end":{"line":395,"column":28}},"219":{"start":{"line":397,"column":4},"end":{"line":399,"column":7}},"220":{"start":{"line":404,"column":0},"end":{"line":404,"column":21}},"221":{"start":{"line":407,"column":0},"end":{"line":423,"column":1}},"222":{"start":{"line":408,"column":2},"end":{"line":422,"column":5}},"223":{"start":{"line":409,"column":4},"end":{"line":409,"column":74}},"224":{"start":{"line":410,"column":4},"end":{"line":410,"column":77}},"225":{"start":{"line":411,"column":4},"end":{"line":411,"column":38}},"226":{"start":{"line":412,"column":4},"end":{"line":412,"column":48}},"227":{"start":{"line":413,"column":4},"end":{"line":413,"column":46}},"228":{"start":{"line":414,"column":4},"end":{"line":414,"column":39}},"229":{"start":{"line":416,"column":4},"end":{"line":421,"column":7}},"230":{"start":{"line":417,"column":6},"end":{"line":420,"column":7}},"231":{"start":{"line":418,"column":24},"end":{"line":418,"column":86}},"232":{"start":{"line":419,"column":8},"end":{"line":419,"column":61}}},"fnMap":{"0":{"name":"(anonymous_0)","decl":{"start":{"line":18,"column":8},"end":{"line":18,"column":9}},"loc":{"start":{"line":18,"column":28},"end":{"line":21,"column":1}},"line":18},"1":{"name":"(anonymous_1)","decl":{"start":{"line":25,"column":40},"end":{"line":25,"column":41}},"loc":{"start":{"line":25,"column":60},"end":{"line":44,"column":1}},"line":25},"2":{"name":"(anonymous_2)","decl":{"start":{"line":46,"column":23},"end":{"line":46,"column":24}},"loc":{"start":{"line":46,"column":37},"end":{"line":48,"column":1}},"line":46},"3":{"name":"(anonymous_3)","decl":{"start":{"line":51,"column":26},"end":{"line":51,"column":27}},"loc":{"start":{"line":51,"column":46},"end":{"line":59,"column":1}},"line":51},"4":{"name":"(anonymous_4)","decl":{"start":{"line":62,"column":24},"end":{"line":62,"column":25}},"loc":{"start":{"line":62,"column":44},"end":{"line":70,"column":1}},"line":62},"5":{"name":"(anonymous_5)","decl":{"start":{"line":73,"column":31},"end":{"line":73,"column":32}},"loc":{"start":{"line":73,"column":51},"end":{"line":85,"column":1}},"line":73},"6":{"name":"(anonymous_6)","decl":{"start":{"line":88,"column":22},"end":{"line":88,"column":23}},"loc":{"start":{"line":88,"column":42},"end":{"line":96,"column":1}},"line":88},"7":{"name":"(anonymous_7)","decl":{"start":{"line":99,"column":35},"end":{"line":99,"column":36}},"loc":{"start":{"line":99,"column":55},"end":{"line":112,"column":1}},"line":99},"8":{"name":"(anonymous_8)","decl":{"start":{"line":115,"column":34},"end":{"line":115,"column":35}},"loc":{"start":{"line":115,"column":54},"end":{"line":134,"column":1}},"line":115},"9":{"name":"(anonymous_9)","decl":{"start":{"line":137,"column":32},"end":{"line":137,"column":33}},"loc":{"start":{"line":137,"column":52},"end":{"line":146,"column":1}},"line":137},"10":{"name":"(anonymous_10)","decl":{"start":{"line":149,"column":25},"end":{"line":149,"column":26}},"loc":{"start":{"line":149,"column":45},"end":{"line":158,"column":1}},"line":149},"11":{"name":"(anonymous_11)","decl":{"start":{"line":161,"column":38},"end":{"line":161,"column":39}},"loc":{"start":{"line":161,"column":58},"end":{"line":170,"column":1}},"line":161},"12":{"name":"(anonymous_12)","decl":{"start":{"line":173,"column":41},"end":{"line":173,"column":42}},"loc":{"start":{"line":173,"column":61},"end":{"line":197,"column":1}},"line":173},"13":{"name":"(anonymous_13)","decl":{"start":{"line":200,"column":25},"end":{"line":200,"column":26}},"loc":{"start":{"line":200,"column":45},"end":{"line":208,"column":1}},"line":200},"14":{"name":"(anonymous_14)","decl":{"start":{"line":211,"column":26},"end":{"line":211,"column":27}},"loc":{"start":{"line":211,"column":46},"end":{"line":219,"column":1}},"line":211},"15":{"name":"(anonymous_15)","decl":{"start":{"line":223,"column":37},"end":{"line":223,"column":38}},"loc":{"start":{"line":223,"column":57},"end":{"line":243,"column":1}},"line":223},"16":{"name":"(anonymous_16)","decl":{"start":{"line":246,"column":42},"end":{"line":246,"column":43}},"loc":{"start":{"line":246,"column":62},"end":{"line":255,"column":1}},"line":246},"17":{"name":"(anonymous_17)","decl":{"start":{"line":258,"column":23},"end":{"line":258,"column":24}},"loc":{"start":{"line":258,"column":43},"end":{"line":274,"column":1}},"line":258},"18":{"name":"(anonymous_18)","decl":{"start":{"line":277,"column":39},"end":{"line":277,"column":40}},"loc":{"start":{"line":277,"column":59},"end":{"line":289,"column":1}},"line":277},"19":{"name":"(anonymous_19)","decl":{"start":{"line":292,"column":30},"end":{"line":292,"column":31}},"loc":{"start":{"line":292,"column":50},"end":{"line":308,"column":1}},"line":292},"20":{"name":"(anonymous_20)","decl":{"start":{"line":311,"column":43},"end":{"line":311,"column":44}},"loc":{"start":{"line":311,"column":63},"end":{"line":320,"column":1}},"line":311},"21":{"name":"(anonymous_21)","decl":{"start":{"line":323,"column":30},"end":{"line":323,"column":31}},"loc":{"start":{"line":323,"column":50},"end":{"line":342,"column":1}},"line":323},"22":{"name":"(anonymous_22)","decl":{"start":{"line":345,"column":33},"end":{"line":345,"column":34}},"loc":{"start":{"line":345,"column":53},"end":{"line":354,"column":1}},"line":345},"23":{"name":"(anonymous_23)","decl":{"start":{"line":357,"column":30},"end":{"line":357,"column":31}},"loc":{"start":{"line":357,"column":50},"end":{"line":367,"column":1}},"line":357},"24":{"name":"(anonymous_24)","decl":{"start":{"line":371,"column":8},"end":{"line":371,"column":9}},"loc":{"start":{"line":371,"column":28},"end":{"line":381,"column":1}},"line":371},"25":{"name":"(anonymous_25)","decl":{"start":{"line":385,"column":13},"end":{"line":385,"column":14}},"loc":{"start":{"line":385,"column":27},"end":{"line":401,"column":1}},"line":385},"26":{"name":"(anonymous_26)","decl":{"start":{"line":408,"column":19},"end":{"line":408,"column":20}},"loc":{"start":{"line":408,"column":25},"end":{"line":422,"column":3}},"line":408},"27":{"name":"(anonymous_27)","decl":{"start":{"line":416,"column":30},"end":{"line":416,"column":31}},"loc":{"start":{"line":416,"column":46},"end":{"line":421,"column":5}},"line":416}},"branchMap":{"0":{"loc":{"start":{"line":8,"column":13},"end":{"line":8,"column":37}},"type":"binary-expr","locations":[{"start":{"line":8,"column":13},"end":{"line":8,"column":29}},{"start":{"line":8,"column":33},"end":{"line":8,"column":37}}],"line":8},"1":{"loc":{"start":{"line":76,"column":4},"end":{"line":78,"column":5}},"type":"if","locations":[{"start":{"line":76,"column":4},"end":{"line":78,"column":5}},{"start":{},"end":{}}],"line":76},"2":{"loc":{"start":{"line":76,"column":8},"end":{"line":76,"column":23}},"type":"binary-expr","locations":[{"start":{"line":76,"column":8},"end":{"line":76,"column":13}},{"start":{"line":76,"column":17},"end":{"line":76,"column":23}}],"line":76},"3":{"loc":{"start":{"line":102,"column":4},"end":{"line":104,"column":5}},"type":"if","locations":[{"start":{"line":102,"column":4},"end":{"line":104,"column":5}},{"start":{},"end":{}}],"line":102},"4":{"loc":{"start":{"line":102,"column":8},"end":{"line":102,"column":49}},"type":"binary-expr","locations":[{"start":{"line":102,"column":8},"end":{"line":102,"column":17}},{"start":{"line":102,"column":21},"end":{"line":102,"column":30}},{"start":{"line":102,"column":34},"end":{"line":102,"column":40}},{"start":{"line":102,"column":44},"end":{"line":102,"column":49}}],"line":102},"5":{"loc":{"start":{"line":129,"column":23},"end":{"line":129,"column":52}},"type":"binary-expr","locations":[{"start":{"line":129,"column":23},"end":{"line":129,"column":45}},{"start":{"line":129,"column":49},"end":{"line":129,"column":52}}],"line":129},"6":{"loc":{"start":{"line":130,"column":25},"end":{"line":130,"column":73}},"type":"binary-expr","locations":[{"start":{"line":130,"column":25},"end":{"line":130,"column":38}},{"start":{"line":130,"column":42},"end":{"line":130,"column":73}}],"line":130},"7":{"loc":{"start":{"line":185,"column":4},"end":{"line":195,"column":5}},"type":"if","locations":[{"start":{"line":185,"column":4},"end":{"line":195,"column":5}},{"start":{"line":193,"column":11},"end":{"line":195,"column":5}}],"line":185},"8":{"loc":{"start":{"line":185,"column":8},"end":{"line":185,"column":76}},"type":"binary-expr","locations":[{"start":{"line":185,"column":8},"end":{"line":185,"column":43}},{"start":{"line":185,"column":47},"end":{"line":185,"column":76}}],"line":185},"9":{"loc":{"start":{"line":237,"column":4},"end":{"line":239,"column":5}},"type":"if","locations":[{"start":{"line":237,"column":4},"end":{"line":239,"column":5}},{"start":{},"end":{}}],"line":237},"10":{"loc":{"start":{"line":237,"column":8},"end":{"line":237,"column":76}},"type":"binary-expr","locations":[{"start":{"line":237,"column":8},"end":{"line":237,"column":43}},{"start":{"line":237,"column":47},"end":{"line":237,"column":76}}],"line":237},"11":{"loc":{"start":{"line":265,"column":21},"end":{"line":269,"column":21}},"type":"cond-expr","locations":[{"start":{"line":266,"column":9},"end":{"line":268,"column":31}},{"start":{"line":269,"column":8},"end":{"line":269,"column":21}}],"line":265},"12":{"loc":{"start":{"line":266,"column":9},"end":{"line":268,"column":31}},"type":"cond-expr","locations":[{"start":{"line":267,"column":12},"end":{"line":267,"column":47}},{"start":{"line":268,"column":12},"end":{"line":268,"column":31}}],"line":266},"13":{"loc":{"start":{"line":271,"column":23},"end":{"line":271,"column":52}},"type":"binary-expr","locations":[{"start":{"line":271,"column":23},"end":{"line":271,"column":45}},{"start":{"line":271,"column":49},"end":{"line":271,"column":52}}],"line":271},"14":{"loc":{"start":{"line":280,"column":4},"end":{"line":282,"column":5}},"type":"if","locations":[{"start":{"line":280,"column":4},"end":{"line":282,"column":5}},{"start":{},"end":{}}],"line":280},"15":{"loc":{"start":{"line":280,"column":8},"end":{"line":280,"column":22}},"type":"binary-expr","locations":[{"start":{"line":280,"column":8},"end":{"line":280,"column":13}},{"start":{"line":280,"column":17},"end":{"line":280,"column":22}}],"line":280},"16":{"loc":{"start":{"line":296,"column":4},"end":{"line":302,"column":5}},"type":"if","locations":[{"start":{"line":296,"column":4},"end":{"line":302,"column":5}},{"start":{"line":298,"column":11},"end":{"line":302,"column":5}}],"line":296},"17":{"loc":{"start":{"line":298,"column":11},"end":{"line":302,"column":5}},"type":"if","locations":[{"start":{"line":298,"column":11},"end":{"line":302,"column":5}},{"start":{"line":300,"column":11},"end":{"line":302,"column":5}}],"line":298},"18":{"loc":{"start":{"line":298,"column":15},"end":{"line":298,"column":25}},"type":"binary-expr","locations":[{"start":{"line":298,"column":15},"end":{"line":298,"column":18}},{"start":{"line":298,"column":22},"end":{"line":298,"column":25}}],"line":298},"19":{"loc":{"start":{"line":326,"column":4},"end":{"line":328,"column":5}},"type":"if","locations":[{"start":{"line":326,"column":4},"end":{"line":328,"column":5}},{"start":{},"end":{}}],"line":326},"20":{"loc":{"start":{"line":326,"column":8},"end":{"line":326,"column":45}},"type":"binary-expr","locations":[{"start":{"line":326,"column":8},"end":{"line":326,"column":14}},{"start":{"line":326,"column":18},"end":{"line":326,"column":26}},{"start":{"line":326,"column":30},"end":{"line":326,"column":36}},{"start":{"line":326,"column":40},"end":{"line":326,"column":45}}],"line":326},"21":{"loc":{"start":{"line":339,"column":25},"end":{"line":339,"column":95}},"type":"binary-expr","locations":[{"start":{"line":339,"column":25},"end":{"line":339,"column":54}},{"start":{"line":339,"column":58},"end":{"line":339,"column":78}},{"start":{"line":339,"column":82},"end":{"line":339,"column":95}}],"line":339},"22":{"loc":{"start":{"line":340,"column":34},"end":{"line":340,"column":92}},"type":"binary-expr","locations":[{"start":{"line":340,"column":34},"end":{"line":340,"column":46}},{"start":{"line":340,"column":50},"end":{"line":340,"column":92}}],"line":340},"23":{"loc":{"start":{"line":374,"column":2},"end":{"line":377,"column":3}},"type":"if","locations":[{"start":{"line":374,"column":2},"end":{"line":377,"column":3}},{"start":{},"end":{}}],"line":374},"24":{"loc":{"start":{"line":388,"column":2},"end":{"line":391,"column":3}},"type":"if","locations":[{"start":{"line":388,"column":2},"end":{"line":391,"column":3}},{"start":{},"end":{}}],"line":388},"25":{"loc":{"start":{"line":394,"column":2},"end":{"line":400,"column":3}},"type":"if","locations":[{"start":{"line":394,"column":2},"end":{"line":400,"column":3}},{"start":{"line":396,"column":9},"end":{"line":400,"column":3}}],"line":394},"26":{"loc":{"start":{"line":407,"column":0},"end":{"line":423,"column":1}},"type":"if","locations":[{"start":{"line":407,"column":0},"end":{"line":423,"column":1}},{"start":{},"end":{}}],"line":407},"27":{"loc":{"start":{"line":417,"column":6},"end":{"line":420,"column":7}},"type":"if","locations":[{"start":{"line":417,"column":6},"end":{"line":420,"column":7}},{"start":{},"end":{}}],"line":417}},"s":{"0":53,"1":53,"2":53,"3":53,"4":53,"5":53,"6":53,"7":53,"8":53,"9":53,"10":53,"11":53,"12":53,"13":53,"14":3,"15":3,"16":3,"17":3,"18":3,"19":3,"20":3,"21":3,"22":3,"23":2,"24":2,"25":2,"26":1,"27":1,"28":1,"29":53,"30":1,"31":53,"32":2,"33":2,"34":1,"35":1,"36":1,"37":53,"38":2,"39":2,"40":1,"41":1,"42":1,"43":53,"44":4,"45":4,"46":4,"47":2,"48":2,"49":1,"50":1,"51":1,"52":53,"53":2,"54":2,"55":1,"56":1,"57":1,"58":53,"59":3,"60":3,"61":3,"62":1,"63":2,"64":1,"65":1,"66":1,"67":53,"68":2,"69":2,"70":2,"71":2,"72":2,"73":2,"74":1,"75":1,"76":1,"77":1,"78":1,"79":1,"80":1,"81":1,"82":1,"83":53,"84":2,"85":2,"86":2,"87":1,"88":1,"89":1,"90":53,"91":2,"92":2,"93":2,"94":1,"95":1,"96":1,"97":53,"98":2,"99":2,"100":2,"101":1,"102":1,"103":1,"104":53,"105":2,"106":2,"107":2,"108":1,"109":1,"110":1,"111":1,"112":0,"113":53,"114":2,"115":2,"116":1,"117":1,"118":1,"119":53,"120":2,"121":2,"122":1,"123":1,"124":1,"125":53,"126":2,"127":2,"128":2,"129":2,"130":1,"131":1,"132":1,"133":1,"134":1,"135":0,"136":53,"137":2,"138":2,"139":2,"140":1,"141":1,"142":1,"143":53,"144":2,"145":2,"146":2,"147":1,"148":1,"149":1,"150":1,"151":1,"152":53,"153":3,"154":3,"155":3,"156":1,"157":2,"158":1,"159":1,"160":1,"161":53,"162":4,"163":4,"164":4,"165":2,"166":2,"167":1,"168":1,"169":2,"170":1,"171":1,"172":53,"173":2,"174":2,"175":2,"176":1,"177":1,"178":1,"179":53,"180":3,"181":3,"182":3,"183":1,"184":2,"185":1,"186":1,"187":1,"188":1,"189":53,"190":1,"191":1,"192":1,"193":1,"194":0,"195":0,"196":53,"197":3,"198":3,"199":3,"200":3,"201":2,"202":1,"203":1,"204":53,"205":0,"206":0,"207":0,"208":0,"209":0,"210":0,"211":53,"212":0,"213":0,"214":0,"215":0,"216":0,"217":0,"218":0,"219":0,"220":53,"221":53,"222":0,"223":0,"224":0,"225":0,"226":0,"227":0,"228":0,"229":0,"230":0,"231":0,"232":0},"f":{"0":53,"1":3,"2":1,"3":2,"4":2,"5":4,"6":2,"7":3,"8":2,"9":2,"10":2,"11":2,"12":2,"13":2,"14":2,"15":2,"16":2,"17":2,"18":3,"19":4,"20":2,"21":3,"22":1,"23":3,"24":0,"25":0,"26":0,"27":0},"b":{"0":[53,53],"1":[2,2],"2":[4,3],"3":[1,2],"4":[3,3,3,2],"5":[1,0],"6":[1,0],"7":[1,0],"8":[1,0],"9":[1,0],"10":[1,0],"11":[0,1],"12":[0,0],"13":[1,0],"14":[1,2],"15":[3,3],"16":[2,2],"17":[1,1],"18":[2,1],"19":[1,2],"20":[3,3,3,2],"21":[1,0,0],"22":[1,0],"23":[0,0],"24":[0,0],"25":[0,0],"26":[0,53],"27":[0,0]},"_coverageSchema":"1a1c01bbd47fc00a2c39e90264f33305004495a9","hash":"9ab3d70806df167f229254a263241a8d764c4c4a"}
,"/home/anyakhatri/project/2AOS/tars-client/src/tarsApiClient.js": {"path":"/home/anyakhatri/project/2AOS/tars-client/src/tarsApiClient.js","statementMap":{"0":{"start":{"line":1,"column":14},"end":{"line":1,"column":30}},"1":{"start":{"line":2,"column":11},"end":{"line":2,"column":30}},"2":{"start":{"line":3,"column":13},"end":{"line":3,"column":28}},"3":{"start":{"line":11,"column":4},"end":{"line":11,"column":74}},"4":{"start":{"line":12,"column":4},"end":{"line":12,"column":77}},"5":{"start":{"line":13,"column":4},"end":{"line":13,"column":25}},"6":{"start":{"line":14,"column":4},"end":{"line":14,"column":24}},"7":{"start":{"line":21,"column":4},"end":{"line":29,"column":5}},"8":{"start":{"line":22,"column":6},"end":{"line":26,"column":7}},"9":{"start":{"line":23,"column":23},"end":{"line":23,"column":61}},"10":{"start":{"line":24,"column":8},"end":{"line":24,"column":40}},"11":{"start":{"line":25,"column":8},"end":{"line":25,"column":58}},"12":{"start":{"line":28,"column":6},"end":{"line":28,"column":63}},"13":{"start":{"line":36,"column":4},"end":{"line":42,"column":5}},"14":{"start":{"line":37,"column":6},"end":{"line":37,"column":31}},"15":{"start":{"line":38,"column":6},"end":{"line":38,"column":75}},"16":{"start":{"line":39,"column":6},"end":{"line":39,"column":50}},"17":{"start":{"line":41,"column":6},"end":{"line":41,"column":64}},"18":{"start":{"line":49,"column":4},"end":{"line":51,"column":5}},"19":{"start":{"line":50,"column":6},"end":{"line":50,"column":27}},"20":{"start":{"line":54,"column":22},"end":{"line":54,"column":32}},"21":{"start":{"line":55,"column":17},"end":{"line":55,"column":38}},"22":{"start":{"line":56,"column":18},"end":{"line":56,"column":50}},"23":{"start":{"line":58,"column":4},"end":{"line":67,"column":5}},"24":{"start":{"line":59,"column":21},"end":{"line":59,"column":57}},"25":{"start":{"line":60,"column":6},"end":{"line":63,"column":7}},"26":{"start":{"line":61,"column":8},"end":{"line":61,"column":43}},"27":{"start":{"line":62,"column":8},"end":{"line":62,"column":31}},"28":{"start":{"line":65,"column":6},"end":{"line":65,"column":63}},"29":{"start":{"line":66,"column":6},"end":{"line":66,"column":18}},"30":{"start":{"line":69,"column":4},"end":{"line":69,"column":57}},"31":{"start":{"line":76,"column":4},"end":{"line":81,"column":5}},"32":{"start":{"line":77,"column":23},"end":{"line":77,"column":58}},"33":{"start":{"line":78,"column":6},"end":{"line":78,"column":27}},"34":{"start":{"line":80,"column":6},"end":{"line":80,"column":63}},"35":{"start":{"line":88,"column":4},"end":{"line":101,"column":5}},"36":{"start":{"line":89,"column":23},"end":{"line":92,"column":8}},"37":{"start":{"line":93,"column":6},"end":{"line":93,"column":27}},"38":{"start":{"line":95,"column":23},"end":{"line":99,"column":23}},"39":{"start":{"line":100,"column":6},"end":{"line":100,"column":62}},"40":{"start":{"line":108,"column":4},"end":{"line":123,"column":5}},"41":{"start":{"line":109,"column":23},"end":{"line":114,"column":8}},"42":{"start":{"line":115,"column":6},"end":{"line":115,"column":27}},"43":{"start":{"line":117,"column":23},"end":{"line":121,"column":23}},"44":{"start":{"line":122,"column":6},"end":{"line":122,"column":60}},"45":{"start":{"line":130,"column":4},"end":{"line":151,"column":5}},"46":{"start":{"line":131,"column":6},"end":{"line":131,"column":84}},"47":{"start":{"line":132,"column":23},"end":{"line":132,"column":87}},"48":{"start":{"line":133,"column":6},"end":{"line":133,"column":70}},"49":{"start":{"line":134,"column":6},"end":{"line":134,"column":27}},"50":{"start":{"line":136,"column":6},"end":{"line":136,"column":72}},"51":{"start":{"line":137,"column":6},"end":{"line":137,"column":71}},"52":{"start":{"line":139,"column":21},"end":{"line":139,"column":34}},"53":{"start":{"line":140,"column":6},"end":{"line":146,"column":7}},"54":{"start":{"line":141,"column":8},"end":{"line":145,"column":9}},"55":{"start":{"line":142,"column":10},"end":{"line":142,"column":41}},"56":{"start":{"line":143,"column":15},"end":{"line":145,"column":9}},"57":{"start":{"line":144,"column":10},"end":{"line":144,"column":86}},"58":{"start":{"line":148,"column":28},"end":{"line":148,"column":33}},"59":{"start":{"line":149,"column":6},"end":{"line":149,"column":39}},"60":{"start":{"line":150,"column":6},"end":{"line":150,"column":26}},"61":{"start":{"line":158,"column":4},"end":{"line":163,"column":5}},"62":{"start":{"line":159,"column":23},"end":{"line":159,"column":79}},"63":{"start":{"line":160,"column":6},"end":{"line":160,"column":27}},"64":{"start":{"line":162,"column":6},"end":{"line":162,"column":89}},"65":{"start":{"line":170,"column":4},"end":{"line":175,"column":5}},"66":{"start":{"line":171,"column":23},"end":{"line":171,"column":72}},"67":{"start":{"line":172,"column":6},"end":{"line":172,"column":27}},"68":{"start":{"line":174,"column":6},"end":{"line":174,"column":86}},"69":{"start":{"line":182,"column":4},"end":{"line":187,"column":5}},"70":{"start":{"line":183,"column":23},"end":{"line":183,"column":66}},"71":{"start":{"line":184,"column":6},"end":{"line":184,"column":27}},"72":{"start":{"line":186,"column":6},"end":{"line":186,"column":91}},"73":{"start":{"line":194,"column":4},"end":{"line":199,"column":5}},"74":{"start":{"line":195,"column":23},"end":{"line":195,"column":85}},"75":{"start":{"line":196,"column":6},"end":{"line":196,"column":27}},"76":{"start":{"line":198,"column":6},"end":{"line":198,"column":98}},"77":{"start":{"line":206,"column":4},"end":{"line":211,"column":5}},"78":{"start":{"line":207,"column":23},"end":{"line":207,"column":67}},"79":{"start":{"line":208,"column":6},"end":{"line":208,"column":27}},"80":{"start":{"line":210,"column":6},"end":{"line":210,"column":92}},"81":{"start":{"line":218,"column":4},"end":{"line":223,"column":5}},"82":{"start":{"line":219,"column":23},"end":{"line":219,"column":80}},"83":{"start":{"line":220,"column":6},"end":{"line":220,"column":27}},"84":{"start":{"line":222,"column":6},"end":{"line":222,"column":94}},"85":{"start":{"line":230,"column":4},"end":{"line":237,"column":5}},"86":{"start":{"line":231,"column":23},"end":{"line":233,"column":8}},"87":{"start":{"line":234,"column":6},"end":{"line":234,"column":27}},"88":{"start":{"line":236,"column":6},"end":{"line":236,"column":104}},"89":{"start":{"line":244,"column":4},"end":{"line":251,"column":5}},"90":{"start":{"line":245,"column":23},"end":{"line":247,"column":8}},"91":{"start":{"line":248,"column":6},"end":{"line":248,"column":27}},"92":{"start":{"line":250,"column":6},"end":{"line":250,"column":96}},"93":{"start":{"line":258,"column":4},"end":{"line":265,"column":5}},"94":{"start":{"line":259,"column":23},"end":{"line":261,"column":8}},"95":{"start":{"line":262,"column":6},"end":{"line":262,"column":27}},"96":{"start":{"line":264,"column":6},"end":{"line":264,"column":96}},"97":{"start":{"line":272,"column":4},"end":{"line":277,"column":5}},"98":{"start":{"line":273,"column":23},"end":{"line":273,"column":86}},"99":{"start":{"line":274,"column":6},"end":{"line":274,"column":27}},"100":{"start":{"line":276,"column":6},"end":{"line":276,"column":101}},"101":{"start":{"line":284,"column":4},"end":{"line":297,"column":5}},"102":{"start":{"line":285,"column":23},"end":{"line":292,"column":8}},"103":{"start":{"line":293,"column":6},"end":{"line":293,"column":27}},"104":{"start":{"line":295,"column":23},"end":{"line":295,"column":93}},"105":{"start":{"line":296,"column":6},"end":{"line":296,"column":66}},"106":{"start":{"line":304,"column":4},"end":{"line":309,"column":5}},"107":{"start":{"line":305,"column":23},"end":{"line":305,"column":96}},"108":{"start":{"line":306,"column":6},"end":{"line":306,"column":27}},"109":{"start":{"line":308,"column":6},"end":{"line":308,"column":98}},"110":{"start":{"line":316,"column":4},"end":{"line":334,"column":5}},"111":{"start":{"line":317,"column":21},"end":{"line":317,"column":23}},"112":{"start":{"line":318,"column":6},"end":{"line":318,"column":50}},"113":{"start":{"line":318,"column":21},"end":{"line":318,"column":50}},"114":{"start":{"line":319,"column":6},"end":{"line":319,"column":44}},"115":{"start":{"line":319,"column":19},"end":{"line":319,"column":44}},"116":{"start":{"line":320,"column":6},"end":{"line":320,"column":38}},"117":{"start":{"line":320,"column":17},"end":{"line":320,"column":38}},"118":{"start":{"line":322,"column":23},"end":{"line":325,"column":7}},"119":{"start":{"line":326,"column":6},"end":{"line":326,"column":27}},"120":{"start":{"line":328,"column":23},"end":{"line":332,"column":23}},"121":{"start":{"line":333,"column":6},"end":{"line":333,"column":65}},"122":{"start":{"line":341,"column":4},"end":{"line":353,"column":5}},"123":{"start":{"line":342,"column":23},"end":{"line":344,"column":7}},"124":{"start":{"line":345,"column":6},"end":{"line":345,"column":27}},"125":{"start":{"line":347,"column":23},"end":{"line":351,"column":23}},"126":{"start":{"line":352,"column":6},"end":{"line":352,"column":68}},"127":{"start":{"line":360,"column":4},"end":{"line":370,"column":5}},"128":{"start":{"line":361,"column":23},"end":{"line":361,"column":65}},"129":{"start":{"line":362,"column":6},"end":{"line":362,"column":27}},"130":{"start":{"line":364,"column":23},"end":{"line":368,"column":23}},"131":{"start":{"line":369,"column":6},"end":{"line":369,"column":60}},"132":{"start":{"line":377,"column":4},"end":{"line":387,"column":5}},"133":{"start":{"line":378,"column":23},"end":{"line":378,"column":81}},"134":{"start":{"line":379,"column":6},"end":{"line":379,"column":27}},"135":{"start":{"line":381,"column":23},"end":{"line":385,"column":23}},"136":{"start":{"line":386,"column":6},"end":{"line":386,"column":69}},"137":{"start":{"line":394,"column":4},"end":{"line":404,"column":5}},"138":{"start":{"line":395,"column":23},"end":{"line":395,"column":86}},"139":{"start":{"line":396,"column":6},"end":{"line":396,"column":27}},"140":{"start":{"line":398,"column":23},"end":{"line":402,"column":23}},"141":{"start":{"line":403,"column":6},"end":{"line":403,"column":68}},"142":{"start":{"line":411,"column":4},"end":{"line":426,"column":5}},"143":{"start":{"line":412,"column":19},"end":{"line":412,"column":21}},"144":{"start":{"line":413,"column":6},"end":{"line":413,"column":45}},"145":{"start":{"line":413,"column":20},"end":{"line":413,"column":45}},"146":{"start":{"line":414,"column":6},"end":{"line":414,"column":36}},"147":{"start":{"line":414,"column":17},"end":{"line":414,"column":36}},"148":{"start":{"line":415,"column":6},"end":{"line":415,"column":39}},"149":{"start":{"line":415,"column":18},"end":{"line":415,"column":39}},"150":{"start":{"line":417,"column":23},"end":{"line":417,"column":70}},"151":{"start":{"line":418,"column":6},"end":{"line":418,"column":27}},"152":{"start":{"line":420,"column":23},"end":{"line":424,"column":23}},"153":{"start":{"line":425,"column":6},"end":{"line":425,"column":54}},"154":{"start":{"line":430,"column":0},"end":{"line":430,"column":31}}},"fnMap":{"0":{"name":"(anonymous_0)","decl":{"start":{"line":10,"column":2},"end":{"line":10,"column":3}},"loc":{"start":{"line":10,"column":49},"end":{"line":15,"column":3}},"line":10},"1":{"name":"(anonymous_1)","decl":{"start":{"line":20,"column":2},"end":{"line":20,"column":3}},"loc":{"start":{"line":20,"column":17},"end":{"line":30,"column":3}},"line":20},"2":{"name":"(anonymous_2)","decl":{"start":{"line":35,"column":2},"end":{"line":35,"column":3}},"loc":{"start":{"line":35,"column":25},"end":{"line":43,"column":3}},"line":35},"3":{"name":"(anonymous_3)","decl":{"start":{"line":48,"column":2},"end":{"line":48,"column":3}},"loc":{"start":{"line":48,"column":30},"end":{"line":70,"column":3}},"line":48},"4":{"name":"(anonymous_4)","decl":{"start":{"line":75,"column":2},"end":{"line":75,"column":3}},"loc":{"start":{"line":75,"column":19},"end":{"line":82,"column":3}},"line":75},"5":{"name":"(anonymous_5)","decl":{"start":{"line":87,"column":2},"end":{"line":87,"column":3}},"loc":{"start":{"line":87,"column":34},"end":{"line":102,"column":3}},"line":87},"6":{"name":"(anonymous_6)","decl":{"start":{"line":107,"column":2},"end":{"line":107,"column":3}},"loc":{"start":{"line":107,"column":58},"end":{"line":124,"column":3}},"line":107},"7":{"name":"(anonymous_7)","decl":{"start":{"line":129,"column":2},"end":{"line":129,"column":3}},"loc":{"start":{"line":129,"column":40},"end":{"line":152,"column":3}},"line":129},"8":{"name":"(anonymous_8)","decl":{"start":{"line":157,"column":2},"end":{"line":157,"column":3}},"loc":{"start":{"line":157,"column":27},"end":{"line":164,"column":3}},"line":157},"9":{"name":"(anonymous_9)","decl":{"start":{"line":169,"column":2},"end":{"line":169,"column":3}},"loc":{"start":{"line":169,"column":24},"end":{"line":176,"column":3}},"line":169},"10":{"name":"(anonymous_10)","decl":{"start":{"line":181,"column":2},"end":{"line":181,"column":3}},"loc":{"start":{"line":181,"column":22},"end":{"line":188,"column":3}},"line":181},"11":{"name":"(anonymous_11)","decl":{"start":{"line":193,"column":2},"end":{"line":193,"column":3}},"loc":{"start":{"line":193,"column":36},"end":{"line":200,"column":3}},"line":193},"12":{"name":"(anonymous_12)","decl":{"start":{"line":205,"column":2},"end":{"line":205,"column":3}},"loc":{"start":{"line":205,"column":23},"end":{"line":212,"column":3}},"line":205},"13":{"name":"(anonymous_13)","decl":{"start":{"line":217,"column":2},"end":{"line":217,"column":3}},"loc":{"start":{"line":217,"column":31},"end":{"line":224,"column":3}},"line":217},"14":{"name":"(anonymous_14)","decl":{"start":{"line":229,"column":2},"end":{"line":229,"column":3}},"loc":{"start":{"line":229,"column":45},"end":{"line":238,"column":3}},"line":229},"15":{"name":"(anonymous_15)","decl":{"start":{"line":243,"column":2},"end":{"line":243,"column":3}},"loc":{"start":{"line":243,"column":37},"end":{"line":252,"column":3}},"line":243},"16":{"name":"(anonymous_16)","decl":{"start":{"line":257,"column":2},"end":{"line":257,"column":3}},"loc":{"start":{"line":257,"column":48},"end":{"line":266,"column":3}},"line":257},"17":{"name":"(anonymous_17)","decl":{"start":{"line":271,"column":2},"end":{"line":271,"column":3}},"loc":{"start":{"line":271,"column":37},"end":{"line":278,"column":3}},"line":271},"18":{"name":"(anonymous_18)","decl":{"start":{"line":283,"column":2},"end":{"line":283,"column":3}},"loc":{"start":{"line":283,"column":53},"end":{"line":298,"column":3}},"line":283},"19":{"name":"(anonymous_19)","decl":{"start":{"line":303,"column":2},"end":{"line":303,"column":3}},"loc":{"start":{"line":303,"column":36},"end":{"line":310,"column":3}},"line":303},"20":{"name":"(anonymous_20)","decl":{"start":{"line":315,"column":2},"end":{"line":315,"column":3}},"loc":{"start":{"line":315,"column":77},"end":{"line":335,"column":3}},"line":315},"21":{"name":"(anonymous_21)","decl":{"start":{"line":340,"column":2},"end":{"line":340,"column":3}},"loc":{"start":{"line":340,"column":35},"end":{"line":354,"column":3}},"line":340},"22":{"name":"(anonymous_22)","decl":{"start":{"line":359,"column":2},"end":{"line":359,"column":3}},"loc":{"start":{"line":359,"column":21},"end":{"line":371,"column":3}},"line":359},"23":{"name":"(anonymous_23)","decl":{"start":{"line":376,"column":2},"end":{"line":376,"column":3}},"loc":{"start":{"line":376,"column":36},"end":{"line":388,"column":3}},"line":376},"24":{"name":"(anonymous_24)","decl":{"start":{"line":393,"column":2},"end":{"line":393,"column":3}},"loc":{"start":{"line":393,"column":34},"end":{"line":405,"column":3}},"line":393},"25":{"name":"(anonymous_25)","decl":{"start":{"line":410,"column":2},"end":{"line":410,"column":3}},"loc":{"start":{"line":410,"column":39},"end":{"line":427,"column":3}},"line":410}},"branchMap":{"0":{"loc":{"start":{"line":10,"column":14},"end":{"line":10,"column":47}},"type":"default-arg","locations":[{"start":{"line":10,"column":24},"end":{"line":10,"column":47}}],"line":10},"1":{"loc":{"start":{"line":11,"column":19},"end":{"line":11,"column":73}},"type":"cond-expr","locations":[{"start":{"line":11,"column":43},"end":{"line":11,"column":63}},{"start":{"line":11,"column":66},"end":{"line":11,"column":73}}],"line":11},"2":{"loc":{"start":{"line":22,"column":6},"end":{"line":26,"column":7}},"type":"if","locations":[{"start":{"line":22,"column":6},"end":{"line":26,"column":7}},{"start":{},"end":{}}],"line":22},"3":{"loc":{"start":{"line":49,"column":4},"end":{"line":51,"column":5}},"type":"if","locations":[{"start":{"line":49,"column":4},"end":{"line":51,"column":5}},{"start":{},"end":{}}],"line":49},"4":{"loc":{"start":{"line":60,"column":6},"end":{"line":63,"column":7}},"type":"if","locations":[{"start":{"line":60,"column":6},"end":{"line":63,"column":7}},{"start":{},"end":{}}],"line":60},"5":{"loc":{"start":{"line":60,"column":10},"end":{"line":60,"column":35}},"type":"binary-expr","locations":[{"start":{"line":60,"column":10},"end":{"line":60,"column":16}},{"start":{"line":60,"column":20},"end":{"line":60,"column":35}}],"line":60},"6":{"loc":{"start":{"line":95,"column":23},"end":{"line":99,"column":23}},"type":"cond-expr","locations":[{"start":{"line":96,"column":11},"end":{"line":98,"column":33}},{"start":{"line":99,"column":10},"end":{"line":99,"column":23}}],"line":95},"7":{"loc":{"start":{"line":96,"column":11},"end":{"line":98,"column":33}},"type":"cond-expr","locations":[{"start":{"line":97,"column":14},"end":{"line":97,"column":49}},{"start":{"line":98,"column":14},"end":{"line":98,"column":33}}],"line":96},"8":{"loc":{"start":{"line":117,"column":23},"end":{"line":121,"column":23}},"type":"cond-expr","locations":[{"start":{"line":118,"column":11},"end":{"line":120,"column":33}},{"start":{"line":121,"column":10},"end":{"line":121,"column":23}}],"line":117},"9":{"loc":{"start":{"line":118,"column":11},"end":{"line":120,"column":33}},"type":"cond-expr","locations":[{"start":{"line":119,"column":14},"end":{"line":119,"column":49}},{"start":{"line":120,"column":14},"end":{"line":120,"column":33}}],"line":118},"10":{"loc":{"start":{"line":140,"column":6},"end":{"line":146,"column":7}},"type":"if","locations":[{"start":{"line":140,"column":6},"end":{"line":146,"column":7}},{"start":{},"end":{}}],"line":140},"11":{"loc":{"start":{"line":141,"column":8},"end":{"line":145,"column":9}},"type":"if","locations":[{"start":{"line":141,"column":8},"end":{"line":145,"column":9}},{"start":{"line":143,"column":15},"end":{"line":145,"column":9}}],"line":141},"12":{"loc":{"start":{"line":143,"column":15},"end":{"line":145,"column":9}},"type":"if","locations":[{"start":{"line":143,"column":15},"end":{"line":145,"column":9}},{"start":{},"end":{}}],"line":143},"13":{"loc":{"start":{"line":144,"column":21},"end":{"line":144,"column":85}},"type":"binary-expr","locations":[{"start":{"line":144,"column":21},"end":{"line":144,"column":46}},{"start":{"line":144,"column":50},"end":{"line":144,"column":85}}],"line":144},"14":{"loc":{"start":{"line":162,"column":48},"end":{"line":162,"column":85}},"type":"binary-expr","locations":[{"start":{"line":162,"column":48},"end":{"line":162,"column":68}},{"start":{"line":162,"column":72},"end":{"line":162,"column":85}}],"line":162},"15":{"loc":{"start":{"line":174,"column":45},"end":{"line":174,"column":82}},"type":"binary-expr","locations":[{"start":{"line":174,"column":45},"end":{"line":174,"column":65}},{"start":{"line":174,"column":69},"end":{"line":174,"column":82}}],"line":174},"16":{"loc":{"start":{"line":186,"column":50},"end":{"line":186,"column":87}},"type":"binary-expr","locations":[{"start":{"line":186,"column":50},"end":{"line":186,"column":70}},{"start":{"line":186,"column":74},"end":{"line":186,"column":87}}],"line":186},"17":{"loc":{"start":{"line":198,"column":57},"end":{"line":198,"column":94}},"type":"binary-expr","locations":[{"start":{"line":198,"column":57},"end":{"line":198,"column":77}},{"start":{"line":198,"column":81},"end":{"line":198,"column":94}}],"line":198},"18":{"loc":{"start":{"line":210,"column":51},"end":{"line":210,"column":88}},"type":"binary-expr","locations":[{"start":{"line":210,"column":51},"end":{"line":210,"column":71}},{"start":{"line":210,"column":75},"end":{"line":210,"column":88}}],"line":210},"19":{"loc":{"start":{"line":222,"column":53},"end":{"line":222,"column":90}},"type":"binary-expr","locations":[{"start":{"line":222,"column":53},"end":{"line":222,"column":73}},{"start":{"line":222,"column":77},"end":{"line":222,"column":90}}],"line":222},"20":{"loc":{"start":{"line":236,"column":63},"end":{"line":236,"column":100}},"type":"binary-expr","locations":[{"start":{"line":236,"column":63},"end":{"line":236,"column":83}},{"start":{"line":236,"column":87},"end":{"line":236,"column":100}}],"line":236},"21":{"loc":{"start":{"line":250,"column":55},"end":{"line":250,"column":92}},"type":"binary-expr","locations":[{"start":{"line":250,"column":55},"end":{"line":250,"column":75}},{"start":{"line":250,"column":79},"end":{"line":250,"column":92}}],"line":250},"22":{"loc":{"start":{"line":264,"column":55},"end":{"line":264,"column":92}},"type":"binary-expr","locations":[{"start":{"line":264,"column":55},"end":{"line":264,"column":75}},{"start":{"line":264,"column":79},"end":{"line":264,"column":92}}],"line":264},"23":{"loc":{"start":{"line":276,"column":60},"end":{"line":276,"column":97}},"type":"binary-expr","locations":[{"start":{"line":276,"column":60},"end":{"line":276,"column":80}},{"start":{"line":276,"column":84},"end":{"line":276,"column":97}}],"line":276},"24":{"loc":{"start":{"line":295,"column":23},"end":{"line":295,"column":93}},"type":"binary-expr","locations":[{"start":{"line":295,"column":23},"end":{"line":295,"column":52}},{"start":{"line":295,"column":56},"end":{"line":295,"column":76}},{"start":{"line":295,"column":80},"end":{"line":295,"column":93}}],"line":295},"25":{"loc":{"start":{"line":308,"column":57},"end":{"line":308,"column":94}},"type":"binary-expr","locations":[{"start":{"line":308,"column":57},"end":{"line":308,"column":77}},{"start":{"line":308,"column":81},"end":{"line":308,"column":94}}],"line":308},"26":{"loc":{"start":{"line":315,"column":29},"end":{"line":315,"column":45}},"type":"default-arg","locations":[{"start":{"line":315,"column":41},"end":{"line":315,"column":45}}],"line":315},"27":{"loc":{"start":{"line":315,"column":47},"end":{"line":315,"column":61}},"type":"default-arg","locations":[{"start":{"line":315,"column":57},"end":{"line":315,"column":61}}],"line":315},"28":{"loc":{"start":{"line":315,"column":63},"end":{"line":315,"column":75}},"type":"default-arg","locations":[{"start":{"line":315,"column":71},"end":{"line":315,"column":75}}],"line":315},"29":{"loc":{"start":{"line":318,"column":6},"end":{"line":318,"column":50}},"type":"if","locations":[{"start":{"line":318,"column":6},"end":{"line":318,"column":50}},{"start":{},"end":{}}],"line":318},"30":{"loc":{"start":{"line":319,"column":6},"end":{"line":319,"column":44}},"type":"if","locations":[{"start":{"line":319,"column":6},"end":{"line":319,"column":44}},{"start":{},"end":{}}],"line":319},"31":{"loc":{"start":{"line":320,"column":6},"end":{"line":320,"column":38}},"type":"if","locations":[{"start":{"line":320,"column":6},"end":{"line":320,"column":38}},{"start":{},"end":{}}],"line":320},"32":{"loc":{"start":{"line":328,"column":23},"end":{"line":332,"column":23}},"type":"cond-expr","locations":[{"start":{"line":329,"column":11},"end":{"line":331,"column":33}},{"start":{"line":332,"column":10},"end":{"line":332,"column":23}}],"line":328},"33":{"loc":{"start":{"line":329,"column":11},"end":{"line":331,"column":33}},"type":"cond-expr","locations":[{"start":{"line":330,"column":14},"end":{"line":330,"column":49}},{"start":{"line":331,"column":14},"end":{"line":331,"column":33}}],"line":329},"34":{"loc":{"start":{"line":347,"column":23},"end":{"line":351,"column":23}},"type":"cond-expr","locations":[{"start":{"line":348,"column":11},"end":{"line":350,"column":33}},{"start":{"line":351,"column":10},"end":{"line":351,"column":23}}],"line":347},"35":{"loc":{"start":{"line":348,"column":11},"end":{"line":350,"column":33}},"type":"cond-expr","locations":[{"start":{"line":349,"column":14},"end":{"line":349,"column":49}},{"start":{"line":350,"column":14},"end":{"line":350,"column":33}}],"line":348},"36":{"loc":{"start":{"line":364,"column":23},"end":{"line":368,"column":23}},"type":"cond-expr","locations":[{"start":{"line":365,"column":11},"end":{"line":367,"column":33}},{"start":{"line":368,"column":10},"end":{"line":368,"column":23}}],"line":364},"37":{"loc":{"start":{"line":365,"column":11},"end":{"line":367,"column":33}},"type":"cond-expr","locations":[{"start":{"line":366,"column":14},"end":{"line":366,"column":49}},{"start":{"line":367,"column":14},"end":{"line":367,"column":33}}],"line":365},"38":{"loc":{"start":{"line":381,"column":23},"end":{"line":385,"column":23}},"type":"cond-expr","locations":[{"start":{"line":382,"column":11},"end":{"line":384,"column":33}},{"start":{"line":385,"column":10},"end":{"line":385,"column":23}}],"line":381},"39":{"loc":{"start":{"line":382,"column":11},"end":{"line":384,"column":33}},"type":"cond-expr","locations":[{"start":{"line":383,"column":14},"end":{"line":383,"column":49}},{"start":{"line":384,"column":14},"end":{"line":384,"column":33}}],"line":382},"40":{"loc":{"start":{"line":398,"column":23},"end":{"line":402,"column":23}},"type":"cond-expr","locations":[{"start":{"line":399,"column":11},"end":{"line":401,"column":33}},{"start":{"line":402,"column":10},"end":{"line":402,"column":23}}],"line":398},"41":{"loc":{"start":{"line":399,"column":11},"end":{"line":401,"column":33}},"type":"cond-expr","locations":[{"start":{"line":400,"column":14},"end":{"line":400,"column":49}},{"start":{"line":401,"column":14},"end":{"line":401,"column":33}}],"line":399},"42":{"loc":{"start":{"line":413,"column":6},"end":{"line":413,"column":45}},"type":"if","locations":[{"start":{"line":413,"column":6},"end":{"line":413,"column":45}},{"start":{},"end":{}}],"line":413},"43":{"loc":{"start":{"line":414,"column":6},"end":{"line":414,"column":36}},"type":"if","locations":[{"start":{"line":414,"column":6},"end":{"line":414,"column":36}},{"start":{},"end":{}}],"line":414},"44":{"loc":{"start":{"line":415,"column":6},"end":{"line":415,"column":39}},"type":"if","locations":[{"start":{"line":415,"column":6},"end":{"line":415,"column":39}},{"start":{},"end":{}}],"line":415},"45":{"loc":{"start":{"line":420,"column":23},"end":{"line":424,"column":23}},"type":"cond-expr","locations":[{"start":{"line":421,"column":11},"end":{"line":423,"column":33}},{"start":{"line":424,"column":10},"end":{"line":424,"column":23}}],"line":420},"46":{"loc":{"start":{"line":421,"column":11},"end":{"line":423,"column":33}},"type":"cond-expr","locations":[{"start":{"line":422,"column":14},"end":{"line":422,"column":49}},{"start":{"line":423,"column":14},"end":{"line":423,"column":33}}],"line":421}},"s":{"0":2,"1":2,"2":2,"3":76,"4":76,"5":76,"6":76,"7":79,"8":79,"9":11,"10":9,"11":9,"12":2,"13":3,"14":3,"15":3,"16":2,"17":1,"18":4,"19":1,"20":3,"21":3,"22":3,"23":3,"24":3,"25":2,"26":1,"27":1,"28":1,"29":1,"30":1,"31":2,"32":2,"33":1,"34":1,"35":6,"36":6,"37":3,"38":3,"39":3,"40":2,"41":2,"42":1,"43":1,"44":1,"45":2,"46":2,"47":2,"48":1,"49":1,"50":1,"51":1,"52":1,"53":1,"54":0,"55":0,"56":0,"57":0,"58":1,"59":1,"60":1,"61":2,"62":2,"63":1,"64":1,"65":2,"66":2,"67":1,"68":1,"69":2,"70":2,"71":1,"72":1,"73":2,"74":2,"75":1,"76":1,"77":2,"78":2,"79":1,"80":1,"81":2,"82":2,"83":1,"84":1,"85":3,"86":3,"87":2,"88":1,"89":3,"90":3,"91":2,"92":1,"93":2,"94":2,"95":1,"96":1,"97":2,"98":2,"99":1,"100":1,"101":4,"102":4,"103":2,"104":2,"105":2,"106":3,"107":3,"108":2,"109":1,"110":4,"111":4,"112":4,"113":1,"114":4,"115":1,"116":4,"117":1,"118":4,"119":3,"120":1,"121":1,"122":4,"123":4,"124":3,"125":1,"126":1,"127":3,"128":3,"129":2,"130":1,"131":1,"132":2,"133":2,"134":1,"135":1,"136":1,"137":2,"138":2,"139":1,"140":1,"141":1,"142":4,"143":4,"144":4,"145":2,"146":4,"147":1,"148":4,"149":1,"150":4,"151":3,"152":1,"153":1,"154":2},"f":{"0":76,"1":79,"2":3,"3":4,"4":2,"5":6,"6":2,"7":2,"8":2,"9":2,"10":2,"11":2,"12":2,"13":2,"14":3,"15":3,"16":2,"17":2,"18":4,"19":3,"20":4,"21":4,"22":3,"23":2,"24":2,"25":4},"b":{"0":[3],"1":[1,75],"2":[11,68],"3":[1,3],"4":[1,1],"5":[2,2],"6":[2,1],"7":[1,1],"8":[0,1],"9":[0,0],"10":[0,1],"11":[0,0],"12":[0,0],"13":[0,0],"14":[1,1],"15":[1,1],"16":[1,1],"17":[1,1],"18":[1,1],"19":[1,1],"20":[1,1],"21":[1,1],"22":[1,1],"23":[1,1],"24":[2,1,0],"25":[1,1],"26":[3],"27":[3],"28":[3],"29":[1,3],"30":[1,3],"31":[1,3],"32":[0,1],"33":[0,0],"34":[0,1],"35":[0,0],"36":[0,1],"37":[0,0],"38":[0,1],"39":[0,0],"40":[0,1],"41":[0,0],"42":[2,2],"43":[1,3],"44":[1,3],"45":[0,1],"46":[0,0]},"_coverageSchema":"1a1c01bbd47fc00a2c39e90264f33305004495a9","hash":"b197a39eb84a026b0fe3d92b84a3efd428c01cce"}
}
