TN:
SF:server.js
FN:18,(anonymous_0)
FN:25,(anonymous_1)
FN:46,(anonymous_2)
FN:51,(anonymous_3)
FN:62,(anonymous_4)
FN:73,(anonymous_5)
FN:88,(anonymous_6)
FN:99,(anonymous_7)
FN:115,(anonymous_8)
FN:137,(anonymous_9)
FN:149,(anonymous_10)
FN:161,(anonymous_11)
FN:173,(anonymous_12)
FN:200,(anonymous_13)
FN:211,(anonymous_14)
FN:223,(anonymous_15)
FN:246,(anonymous_16)
FN:258,(anonymous_17)
FN:277,(anonymous_18)
FN:292,(anonymous_19)
FN:311,(anonymous_20)
FN:323,(anonymous_21)
FN:345,(anonymous_22)
FN:357,(anonymous_23)
FN:371,(anonymous_24)
FN:385,(anonymous_25)
FN:408,(anonymous_26)
FN:416,(anonymous_27)
FNF:28
FNH:24
FNDA:53,(anonymous_0)
FNDA:3,(anonymous_1)
FNDA:1,(anonymous_2)
FNDA:2,(anonymous_3)
FNDA:2,(anonymous_4)
FNDA:4,(anonymous_5)
FNDA:2,(anonymous_6)
FNDA:3,(anonymous_7)
FNDA:2,(anonymous_8)
FNDA:2,(anonymous_9)
FNDA:2,(anonymous_10)
FNDA:2,(anonymous_11)
FNDA:2,(anonymous_12)
FNDA:2,(anonymous_13)
FNDA:2,(anonymous_14)
FNDA:2,(anonymous_15)
FNDA:2,(anonymous_16)
FNDA:2,(anonymous_17)
FNDA:3,(anonymous_18)
FNDA:4,(anonymous_19)
FNDA:2,(anonymous_20)
FNDA:3,(anonymous_21)
FNDA:1,(anonymous_22)
FNDA:3,(anonymous_23)
FNDA:0,(anonymous_24)
FNDA:0,(anonymous_25)
FNDA:0,(anonymous_26)
FNDA:0,(anonymous_27)
DA:1,53
DA:2,53
DA:3,53
DA:4,53
DA:5,53
DA:7,53
DA:8,53
DA:11,53
DA:14,53
DA:15,53
DA:18,53
DA:19,53
DA:20,53
DA:25,53
DA:26,3
DA:27,3
DA:28,3
DA:29,3
DA:31,3
DA:32,3
DA:33,3
DA:34,3
DA:35,3
DA:36,2
DA:37,2
DA:38,2
DA:40,1
DA:41,1
DA:42,1
DA:46,53
DA:47,1
DA:51,53
DA:52,2
DA:53,2
DA:54,1
DA:56,1
DA:57,1
DA:62,53
DA:63,2
DA:64,2
DA:65,1
DA:67,1
DA:68,1
DA:73,53
DA:74,4
DA:75,4
DA:76,4
DA:77,2
DA:79,2
DA:80,1
DA:82,1
DA:83,1
DA:88,53
DA:89,2
DA:90,2
DA:91,1
DA:93,1
DA:94,1
DA:99,53
DA:100,3
DA:101,3
DA:102,3
DA:103,1
DA:105,2
DA:107,1
DA:109,1
DA:110,1
DA:115,53
DA:116,2
DA:117,2
DA:118,2
DA:119,2
DA:120,2
DA:121,2
DA:122,1
DA:123,1
DA:125,1
DA:126,1
DA:127,1
DA:129,1
DA:130,1
DA:131,1
DA:132,1
DA:137,53
DA:138,2
DA:139,2
DA:140,2
DA:141,1
DA:143,1
DA:144,1
DA:149,53
DA:150,2
DA:151,2
DA:152,2
DA:153,1
DA:155,1
DA:156,1
DA:161,53
DA:162,2
DA:163,2
DA:164,2
DA:165,1
DA:167,1
DA:168,1
DA:173,53
DA:174,2
DA:175,2
DA:176,2
DA:178,1
DA:183,1
DA:185,1
DA:186,1
DA:194,0
DA:200,53
DA:201,2
DA:202,2
DA:203,1
DA:205,1
DA:206,1
DA:211,53
DA:212,2
DA:213,2
DA:214,1
DA:216,1
DA:217,1
DA:223,53
DA:224,2
DA:225,2
DA:226,2
DA:229,2
DA:230,1
DA:232,1
DA:234,1
DA:237,1
DA:238,1
DA:241,0
DA:246,53
DA:247,2
DA:248,2
DA:249,2
DA:250,1
DA:252,1
DA:253,1
DA:258,53
DA:259,2
DA:260,2
DA:261,2
DA:262,1
DA:264,1
DA:265,1
DA:271,1
DA:272,1
DA:277,53
DA:278,3
DA:279,3
DA:280,3
DA:281,1
DA:283,2
DA:284,1
DA:286,1
DA:287,1
DA:292,53
DA:293,4
DA:294,4
DA:296,4
DA:297,2
DA:298,2
DA:299,1
DA:301,1
DA:303,2
DA:305,1
DA:306,1
DA:311,53
DA:312,2
DA:313,2
DA:314,2
DA:315,1
DA:317,1
DA:318,1
DA:323,53
DA:324,3
DA:325,3
DA:326,3
DA:327,1
DA:330,2
DA:336,1
DA:338,1
DA:339,1
DA:340,1
DA:345,53
DA:346,1
DA:347,1
DA:348,1
DA:349,1
DA:351,0
DA:352,0
DA:357,53
DA:358,3
DA:359,3
DA:360,3
DA:361,3
DA:362,2
DA:364,1
DA:365,1
DA:371,53
DA:372,0
DA:374,0
DA:375,0
DA:376,0
DA:378,0
DA:380,0
DA:385,53
DA:386,0
DA:388,0
DA:389,0
DA:390,0
DA:393,0
DA:394,0
DA:395,0
DA:397,0
DA:404,53
DA:407,53
DA:408,0
DA:409,0
DA:410,0
DA:411,0
DA:412,0
DA:413,0
DA:414,0
DA:416,0
DA:417,0
DA:418,0
DA:419,0
LF:233
LH:204
BRDA:8,0,0,53
BRDA:8,0,1,53
BRDA:76,1,0,2
BRDA:76,1,1,2
BRDA:76,2,0,4
BRDA:76,2,1,3
BRDA:102,3,0,1
BRDA:102,3,1,2
BRDA:102,4,0,3
BRDA:102,4,1,3
BRDA:102,4,2,3
BRDA:102,4,3,2
BRDA:129,5,0,1
BRDA:129,5,1,0
BRDA:130,6,0,1
BRDA:130,6,1,0
BRDA:185,7,0,1
BRDA:185,7,1,0
BRDA:185,8,0,1
BRDA:185,8,1,0
BRDA:237,9,0,1
BRDA:237,9,1,0
BRDA:237,10,0,1
BRDA:237,10,1,0
BRDA:265,11,0,0
BRDA:265,11,1,1
BRDA:266,12,0,0
BRDA:266,12,1,0
BRDA:271,13,0,1
BRDA:271,13,1,0
BRDA:280,14,0,1
BRDA:280,14,1,2
BRDA:280,15,0,3
BRDA:280,15,1,3
BRDA:296,16,0,2
BRDA:296,16,1,2
BRDA:298,17,0,1
BRDA:298,17,1,1
BRDA:298,18,0,2
BRDA:298,18,1,1
BRDA:326,19,0,1
BRDA:326,19,1,2
BRDA:326,20,0,3
BRDA:326,20,1,3
BRDA:326,20,2,3
BRDA:326,20,3,2
BRDA:339,21,0,1
BRDA:339,21,1,0
BRDA:339,21,2,0
BRDA:340,22,0,1
BRDA:340,22,1,0
BRDA:374,23,0,0
BRDA:374,23,1,0
BRDA:388,24,0,0
BRDA:388,24,1,0
BRDA:394,25,0,0
BRDA:394,25,1,0
BRDA:407,26,0,0
BRDA:407,26,1,53
BRDA:417,27,0,0
BRDA:417,27,1,0
BRF:61
BRH:39
end_of_record
TN:
SF:src/tarsApiClient.js
FN:10,(anonymous_0)
FN:20,(anonymous_1)
FN:35,(anonymous_2)
FN:48,(anonymous_3)
FN:75,(anonymous_4)
FN:87,(anonymous_5)
FN:107,(anonymous_6)
FN:129,(anonymous_7)
FN:157,(anonymous_8)
FN:169,(anonymous_9)
FN:181,(anonymous_10)
FN:193,(anonymous_11)
FN:205,(anonymous_12)
FN:217,(anonymous_13)
FN:229,(anonymous_14)
FN:243,(anonymous_15)
FN:257,(anonymous_16)
FN:271,(anonymous_17)
FN:283,(anonymous_18)
FN:303,(anonymous_19)
FN:315,(anonymous_20)
FN:340,(anonymous_21)
FN:359,(anonymous_22)
FN:376,(anonymous_23)
FN:393,(anonymous_24)
FN:410,(anonymous_25)
FNF:26
FNH:26
FNDA:76,(anonymous_0)
FNDA:79,(anonymous_1)
FNDA:3,(anonymous_2)
FNDA:4,(anonymous_3)
FNDA:2,(anonymous_4)
FNDA:6,(anonymous_5)
FNDA:2,(anonymous_6)
FNDA:2,(anonymous_7)
FNDA:2,(anonymous_8)
FNDA:2,(anonymous_9)
FNDA:2,(anonymous_10)
FNDA:2,(anonymous_11)
FNDA:2,(anonymous_12)
FNDA:2,(anonymous_13)
FNDA:3,(anonymous_14)
FNDA:3,(anonymous_15)
FNDA:2,(anonymous_16)
FNDA:2,(anonymous_17)
FNDA:4,(anonymous_18)
FNDA:3,(anonymous_19)
FNDA:4,(anonymous_20)
FNDA:4,(anonymous_21)
FNDA:3,(anonymous_22)
FNDA:2,(anonymous_23)
FNDA:2,(anonymous_24)
FNDA:4,(anonymous_25)
DA:1,2
DA:2,2
DA:3,2
DA:11,76
DA:12,76
DA:13,76
DA:14,76
DA:21,79
DA:22,79
DA:23,11
DA:24,9
DA:25,9
DA:28,2
DA:36,3
DA:37,3
DA:38,3
DA:39,2
DA:41,1
DA:49,4
DA:50,1
DA:54,3
DA:55,3
DA:56,3
DA:58,3
DA:59,3
DA:60,2
DA:61,1
DA:62,1
DA:65,1
DA:66,1
DA:69,1
DA:76,2
DA:77,2
DA:78,1
DA:80,1
DA:88,6
DA:89,6
DA:93,3
DA:95,3
DA:100,3
DA:108,2
DA:109,2
DA:115,1
DA:117,1
DA:122,1
DA:130,2
DA:131,2
DA:132,2
DA:133,1
DA:134,1
DA:136,1
DA:137,1
DA:139,1
DA:140,1
DA:141,0
DA:142,0
DA:143,0
DA:144,0
DA:148,1
DA:149,1
DA:150,1
DA:158,2
DA:159,2
DA:160,1
DA:162,1
DA:170,2
DA:171,2
DA:172,1
DA:174,1
DA:182,2
DA:183,2
DA:184,1
DA:186,1
DA:194,2
DA:195,2
DA:196,1
DA:198,1
DA:206,2
DA:207,2
DA:208,1
DA:210,1
DA:218,2
DA:219,2
DA:220,1
DA:222,1
DA:230,3
DA:231,3
DA:234,2
DA:236,1
DA:244,3
DA:245,3
DA:248,2
DA:250,1
DA:258,2
DA:259,2
DA:262,1
DA:264,1
DA:272,2
DA:273,2
DA:274,1
DA:276,1
DA:284,4
DA:285,4
DA:293,2
DA:295,2
DA:296,2
DA:304,3
DA:305,3
DA:306,2
DA:308,1
DA:316,4
DA:317,4
DA:318,4
DA:319,4
DA:320,4
DA:322,4
DA:326,3
DA:328,1
DA:333,1
DA:341,4
DA:342,4
DA:345,3
DA:347,1
DA:352,1
DA:360,3
DA:361,3
DA:362,2
DA:364,1
DA:369,1
DA:377,2
DA:378,2
DA:379,1
DA:381,1
DA:386,1
DA:394,2
DA:395,2
DA:396,1
DA:398,1
DA:403,1
DA:411,4
DA:412,4
DA:413,4
DA:414,4
DA:415,4
DA:417,4
DA:418,3
DA:420,1
DA:425,1
DA:430,2
LF:149
LH:145
BRDA:10,0,0,3
BRDA:11,1,0,1
BRDA:11,1,1,75
BRDA:22,2,0,11
BRDA:22,2,1,68
BRDA:49,3,0,1
BRDA:49,3,1,3
BRDA:60,4,0,1
BRDA:60,4,1,1
BRDA:60,5,0,2
BRDA:60,5,1,2
BRDA:95,6,0,2
BRDA:95,6,1,1
BRDA:96,7,0,1
BRDA:96,7,1,1
BRDA:117,8,0,0
BRDA:117,8,1,1
BRDA:118,9,0,0
BRDA:118,9,1,0
BRDA:140,10,0,0
BRDA:140,10,1,1
BRDA:141,11,0,0
BRDA:141,11,1,0
BRDA:143,12,0,0
BRDA:143,12,1,0
BRDA:144,13,0,0
BRDA:144,13,1,0
BRDA:162,14,0,1
BRDA:162,14,1,1
BRDA:174,15,0,1
BRDA:174,15,1,1
BRDA:186,16,0,1
BRDA:186,16,1,1
BRDA:198,17,0,1
BRDA:198,17,1,1
BRDA:210,18,0,1
BRDA:210,18,1,1
BRDA:222,19,0,1
BRDA:222,19,1,1
BRDA:236,20,0,1
BRDA:236,20,1,1
BRDA:250,21,0,1
BRDA:250,21,1,1
BRDA:264,22,0,1
BRDA:264,22,1,1
BRDA:276,23,0,1
BRDA:276,23,1,1
BRDA:295,24,0,2
BRDA:295,24,1,1
BRDA:295,24,2,0
BRDA:308,25,0,1
BRDA:308,25,1,1
BRDA:315,26,0,3
BRDA:315,27,0,3
BRDA:315,28,0,3
BRDA:318,29,0,1
BRDA:318,29,1,3
BRDA:319,30,0,1
BRDA:319,30,1,3
BRDA:320,31,0,1
BRDA:320,31,1,3
BRDA:328,32,0,0
BRDA:328,32,1,1
BRDA:329,33,0,0
BRDA:329,33,1,0
BRDA:347,34,0,0
BRDA:347,34,1,1
BRDA:348,35,0,0
BRDA:348,35,1,0
BRDA:364,36,0,0
BRDA:364,36,1,1
BRDA:365,37,0,0
BRDA:365,37,1,0
BRDA:381,38,0,0
BRDA:381,38,1,1
BRDA:382,39,0,0
BRDA:382,39,1,0
BRDA:398,40,0,0
BRDA:398,40,1,1
BRDA:399,41,0,0
BRDA:399,41,1,0
BRDA:413,42,0,2
BRDA:413,42,1,2
BRDA:414,43,0,1
BRDA:414,43,1,3
BRDA:415,44,0,1
BRDA:415,44,1,3
BRDA:420,45,0,0
BRDA:420,45,1,1
BRDA:421,46,0,0
BRDA:421,46,1,0
BRF:91
BRH:62
end_of_record
